30-Mar-2022 03:05:32.963 INFO [main] org.apache.catalina.startup.VersionLoggerListener.log Server version name:   Apache Tomcat/9.0.60
30-Mar-2022 03:05:32.966 INFO [main] org.apache.catalina.startup.VersionLoggerListener.log Server built:          Mar 9 2022 14:52:25 UTC
30-Mar-2022 03:05:32.967 INFO [main] org.apache.catalina.startup.VersionLoggerListener.log Server version number: 9.0.60.0
30-Mar-2022 03:05:32.967 INFO [main] org.apache.catalina.startup.VersionLoggerListener.log OS Name:               Linux
30-Mar-2022 03:05:32.967 INFO [main] org.apache.catalina.startup.VersionLoggerListener.log OS Version:            5.11.0-1022-aws
30-Mar-2022 03:05:32.967 INFO [main] org.apache.catalina.startup.VersionLoggerListener.log Architecture:          amd64
30-Mar-2022 03:05:32.967 INFO [main] org.apache.catalina.startup.VersionLoggerListener.log Java Home:             /usr/lib/jvm/java-11-openjdk-amd64
30-Mar-2022 03:05:32.967 INFO [main] org.apache.catalina.startup.VersionLoggerListener.log JVM Version:           11.0.14.1+1-Ubuntu-0ubuntu1.20.04
30-Mar-2022 03:05:32.967 INFO [main] org.apache.catalina.startup.VersionLoggerListener.log JVM Vendor:            Ubuntu
30-Mar-2022 03:05:32.967 INFO [main] org.apache.catalina.startup.VersionLoggerListener.log CATALINA_BASE:         /home/ubuntu/apache-tomcat-9.0.60
30-Mar-2022 03:05:32.968 INFO [main] org.apache.catalina.startup.VersionLoggerListener.log CATALINA_HOME:         /home/ubuntu/apache-tomcat-9.0.60
30-Mar-2022 03:05:32.983 INFO [main] org.apache.catalina.startup.VersionLoggerListener.log Command line argument: --add-opens=java.base/java.lang=ALL-UNNAMED
30-Mar-2022 03:05:32.983 INFO [main] org.apache.catalina.startup.VersionLoggerListener.log Command line argument: --add-opens=java.base/java.io=ALL-UNNAMED
30-Mar-2022 03:05:32.983 INFO [main] org.apache.catalina.startup.VersionLoggerListener.log Command line argument: --add-opens=java.base/java.util=ALL-UNNAMED
30-Mar-2022 03:05:32.983 INFO [main] org.apache.catalina.startup.VersionLoggerListener.log Command line argument: --add-opens=java.base/java.util.concurrent=ALL-UNNAMED
30-Mar-2022 03:05:32.984 INFO [main] org.apache.catalina.startup.VersionLoggerListener.log Command line argument: --add-opens=java.rmi/sun.rmi.transport=ALL-UNNAMED
30-Mar-2022 03:05:32.984 INFO [main] org.apache.catalina.startup.VersionLoggerListener.log Command line argument: -Djava.util.logging.config.file=/home/ubuntu/apache-tomcat-9.0.60/conf/logging.properties
30-Mar-2022 03:05:32.984 INFO [main] org.apache.catalina.startup.VersionLoggerListener.log Command line argument: -Djava.util.logging.manager=org.apache.juli.ClassLoaderLogManager
30-Mar-2022 03:05:32.984 INFO [main] org.apache.catalina.startup.VersionLoggerListener.log Command line argument: -Djdk.tls.ephemeralDHKeySize=2048
30-Mar-2022 03:05:32.984 INFO [main] org.apache.catalina.startup.VersionLoggerListener.log Command line argument: -Djava.protocol.handler.pkgs=org.apache.catalina.webresources
30-Mar-2022 03:05:32.984 INFO [main] org.apache.catalina.startup.VersionLoggerListener.log Command line argument: -Dorg.apache.catalina.security.SecurityListener.UMASK=0027
30-Mar-2022 03:05:32.984 INFO [main] org.apache.catalina.startup.VersionLoggerListener.log Command line argument: -Dignore.endorsed.dirs=
30-Mar-2022 03:05:32.984 INFO [main] org.apache.catalina.startup.VersionLoggerListener.log Command line argument: -Dcatalina.base=/home/ubuntu/apache-tomcat-9.0.60
30-Mar-2022 03:05:32.985 INFO [main] org.apache.catalina.startup.VersionLoggerListener.log Command line argument: -Dcatalina.home=/home/ubuntu/apache-tomcat-9.0.60
30-Mar-2022 03:05:32.985 INFO [main] org.apache.catalina.startup.VersionLoggerListener.log Command line argument: -Djava.io.tmpdir=/home/ubuntu/apache-tomcat-9.0.60/temp
30-Mar-2022 03:05:32.986 INFO [main] org.apache.catalina.core.AprLifecycleListener.lifecycleEvent The Apache Tomcat Native library which allows using OpenSSL was not found on the java.library.path: [/usr/java/packages/lib:/usr/lib/x86_64-linux-gnu/jni:/lib/x86_64-linux-gnu:/usr/lib/x86_64-linux-gnu:/usr/lib/jni:/lib:/usr/lib]
30-Mar-2022 03:05:33.528 INFO [main] org.apache.coyote.AbstractProtocol.init Initializing ProtocolHandler ["http-nio-8000"]
30-Mar-2022 03:05:33.570 INFO [main] org.apache.catalina.startup.Catalina.load Server initialization in [1138] milliseconds
30-Mar-2022 03:05:33.664 INFO [main] org.apache.catalina.core.StandardService.startInternal Starting service [Catalina]
30-Mar-2022 03:05:33.664 INFO [main] org.apache.catalina.core.StandardEngine.startInternal Starting Servlet engine: [Apache Tomcat/9.0.60]
30-Mar-2022 03:05:33.701 INFO [main] org.apache.catalina.startup.HostConfig.deployWAR Deploying web application archive [/home/ubuntu/apache-tomcat-9.0.60/webapps/jpetstore.war]
30-Mar-2022 03:05:35.085 INFO [main] org.apache.jasper.servlet.TldScanner.scanJars At least one JAR was scanned for TLDs yet contained no TLDs. Enable debug logging for this logger for a complete list of JARs that were scanned but no TLDs were found in them. Skipping unneeded JARs during scanning can improve startup time and JSP compilation time.
30-Mar-2022 03:05:36.506 INFO [main] org.apache.catalina.startup.HostConfig.deployWAR Deployment of web application archive [/home/ubuntu/apache-tomcat-9.0.60/webapps/jpetstore.war] has finished in [2,805] ms
30-Mar-2022 03:05:36.507 INFO [main] org.apache.catalina.startup.HostConfig.deployDirectory Deploying web application directory [/home/ubuntu/apache-tomcat-9.0.60/webapps/docs]
30-Mar-2022 03:05:36.523 INFO [main] org.apache.catalina.startup.HostConfig.deployDirectory Deployment of web application directory [/home/ubuntu/apache-tomcat-9.0.60/webapps/docs] has finished in [16] ms
30-Mar-2022 03:05:36.524 INFO [main] org.apache.catalina.startup.HostConfig.deployDirectory Deploying web application directory [/home/ubuntu/apache-tomcat-9.0.60/webapps/host-manager]
30-Mar-2022 03:05:36.569 INFO [main] org.apache.catalina.startup.HostConfig.deployDirectory Deployment of web application directory [/home/ubuntu/apache-tomcat-9.0.60/webapps/host-manager] has finished in [45] ms
30-Mar-2022 03:05:36.569 INFO [main] org.apache.catalina.startup.HostConfig.deployDirectory Deploying web application directory [/home/ubuntu/apache-tomcat-9.0.60/webapps/ROOT]
30-Mar-2022 03:05:36.584 INFO [main] org.apache.catalina.startup.HostConfig.deployDirectory Deployment of web application directory [/home/ubuntu/apache-tomcat-9.0.60/webapps/ROOT] has finished in [15] ms
30-Mar-2022 03:05:36.584 INFO [main] org.apache.catalina.startup.HostConfig.deployDirectory Deploying web application directory [/home/ubuntu/apache-tomcat-9.0.60/webapps/examples]
30-Mar-2022 03:05:36.818 INFO [main] org.apache.catalina.startup.HostConfig.deployDirectory Deployment of web application directory [/home/ubuntu/apache-tomcat-9.0.60/webapps/examples] has finished in [234] ms
30-Mar-2022 03:05:36.818 INFO [main] org.apache.catalina.startup.HostConfig.deployDirectory Deploying web application directory [/home/ubuntu/apache-tomcat-9.0.60/webapps/manager]
30-Mar-2022 03:05:36.859 INFO [main] org.apache.catalina.startup.HostConfig.deployDirectory Deployment of web application directory [/home/ubuntu/apache-tomcat-9.0.60/webapps/manager] has finished in [40] ms
30-Mar-2022 03:05:36.862 INFO [main] org.apache.coyote.AbstractProtocol.start Starting ProtocolHandler ["http-nio-8000"]
30-Mar-2022 03:05:36.874 INFO [main] org.apache.catalina.startup.Catalina.start Server startup in [3303] milliseconds
30-Mar-2022 03:27:59.976 INFO [Thread-2] org.apache.coyote.AbstractProtocol.pause Pausing ProtocolHandler ["http-nio-8000"]
30-Mar-2022 03:28:00.031 INFO [Thread-2] org.apache.catalina.core.StandardService.stopInternal Stopping service [Catalina]
30-Mar-2022 03:28:00.273 WARNING [Thread-2] org.apache.catalina.loader.WebappClassLoaderBase.clearReferencesJdbc The web application [jpetstore] registered the JDBC driver [org.hsqldb.jdbcDriver] but failed to unregister it when the web application was stopped. To prevent a memory leak, the JDBC Driver has been forcibly unregistered.
30-Mar-2022 03:28:00.274 SEVERE [Thread-2] org.apache.catalina.loader.WebappClassLoaderBase.checkThreadLocalMapForLeaks The web application [jpetstore] created a ThreadLocal with key of type [java.lang.ThreadLocal] (value [java.lang.ThreadLocal@40f06e8c]) and a value of type [org.apache.ibatis.executor.ErrorContext] (value [
### The error may exist in org/mybatis/jpetstore/persistence/AccountMapper.xml]) but failed to remove it when the web application was stopped. Threads are going to be renewed over time to try and avoid a probable memory leak.
30-Mar-2022 03:28:00.315 INFO [Thread-2] org.apache.coyote.AbstractProtocol.stop Stopping ProtocolHandler ["http-nio-8000"]
30-Mar-2022 03:28:00.334 INFO [Thread-2] org.apache.coyote.AbstractProtocol.destroy Destroying ProtocolHandler ["http-nio-8000"]
