29-Mar-2022 13:05:34.979 INFO [main] org.apache.catalina.startup.VersionLoggerListener.log Server version name:   Apache Tomcat/9.0.60
29-Mar-2022 13:05:34.982 INFO [main] org.apache.catalina.startup.VersionLoggerListener.log Server built:          Mar 9 2022 14:52:25 UTC
29-Mar-2022 13:05:34.982 INFO [main] org.apache.catalina.startup.VersionLoggerListener.log Server version number: 9.0.60.0
29-Mar-2022 13:05:34.982 INFO [main] org.apache.catalina.startup.VersionLoggerListener.log OS Name:               Linux
29-Mar-2022 13:05:34.982 INFO [main] org.apache.catalina.startup.VersionLoggerListener.log OS Version:            5.11.0-1022-aws
29-Mar-2022 13:05:34.982 INFO [main] org.apache.catalina.startup.VersionLoggerListener.log Architecture:          amd64
29-Mar-2022 13:05:34.982 INFO [main] org.apache.catalina.startup.VersionLoggerListener.log Java Home:             /usr/lib/jvm/java-11-openjdk-amd64
29-Mar-2022 13:05:34.982 INFO [main] org.apache.catalina.startup.VersionLoggerListener.log JVM Version:           11.0.14.1+1-Ubuntu-0ubuntu1.20.04
29-Mar-2022 13:05:34.983 INFO [main] org.apache.catalina.startup.VersionLoggerListener.log JVM Vendor:            Ubuntu
29-Mar-2022 13:05:34.983 INFO [main] org.apache.catalina.startup.VersionLoggerListener.log CATALINA_BASE:         /home/ubuntu/apache-tomcat-9.0.60
29-Mar-2022 13:05:34.983 INFO [main] org.apache.catalina.startup.VersionLoggerListener.log CATALINA_HOME:         /home/ubuntu/apache-tomcat-9.0.60
29-Mar-2022 13:05:35.009 INFO [main] org.apache.catalina.startup.VersionLoggerListener.log Command line argument: --add-opens=java.base/java.lang=ALL-UNNAMED
29-Mar-2022 13:05:35.009 INFO [main] org.apache.catalina.startup.VersionLoggerListener.log Command line argument: --add-opens=java.base/java.io=ALL-UNNAMED
29-Mar-2022 13:05:35.009 INFO [main] org.apache.catalina.startup.VersionLoggerListener.log Command line argument: --add-opens=java.base/java.util=ALL-UNNAMED
29-Mar-2022 13:05:35.009 INFO [main] org.apache.catalina.startup.VersionLoggerListener.log Command line argument: --add-opens=java.base/java.util.concurrent=ALL-UNNAMED
29-Mar-2022 13:05:35.010 INFO [main] org.apache.catalina.startup.VersionLoggerListener.log Command line argument: --add-opens=java.rmi/sun.rmi.transport=ALL-UNNAMED
29-Mar-2022 13:05:35.010 INFO [main] org.apache.catalina.startup.VersionLoggerListener.log Command line argument: -Djava.util.logging.config.file=/home/ubuntu/apache-tomcat-9.0.60/conf/logging.properties
29-Mar-2022 13:05:35.010 INFO [main] org.apache.catalina.startup.VersionLoggerListener.log Command line argument: -Djava.util.logging.manager=org.apache.juli.ClassLoaderLogManager
29-Mar-2022 13:05:35.010 INFO [main] org.apache.catalina.startup.VersionLoggerListener.log Command line argument: -Djdk.tls.ephemeralDHKeySize=2048
29-Mar-2022 13:05:35.011 INFO [main] org.apache.catalina.startup.VersionLoggerListener.log Command line argument: -Djava.protocol.handler.pkgs=org.apache.catalina.webresources
29-Mar-2022 13:05:35.011 INFO [main] org.apache.catalina.startup.VersionLoggerListener.log Command line argument: -Dorg.apache.catalina.security.SecurityListener.UMASK=0027
29-Mar-2022 13:05:35.011 INFO [main] org.apache.catalina.startup.VersionLoggerListener.log Command line argument: -Dignore.endorsed.dirs=
29-Mar-2022 13:05:35.011 INFO [main] org.apache.catalina.startup.VersionLoggerListener.log Command line argument: -Dcatalina.base=/home/ubuntu/apache-tomcat-9.0.60
29-Mar-2022 13:05:35.011 INFO [main] org.apache.catalina.startup.VersionLoggerListener.log Command line argument: -Dcatalina.home=/home/ubuntu/apache-tomcat-9.0.60
29-Mar-2022 13:05:35.012 INFO [main] org.apache.catalina.startup.VersionLoggerListener.log Command line argument: -Djava.io.tmpdir=/home/ubuntu/apache-tomcat-9.0.60/temp
29-Mar-2022 13:05:35.013 INFO [main] org.apache.catalina.core.AprLifecycleListener.lifecycleEvent The Apache Tomcat Native library which allows using OpenSSL was not found on the java.library.path: [/usr/java/packages/lib:/usr/lib/x86_64-linux-gnu/jni:/lib/x86_64-linux-gnu:/usr/lib/x86_64-linux-gnu:/usr/lib/jni:/lib:/usr/lib]
29-Mar-2022 13:05:35.446 INFO [main] org.apache.coyote.AbstractProtocol.init Initializing ProtocolHandler ["http-nio-8080"]
29-Mar-2022 13:05:35.468 SEVERE [main] org.apache.catalina.util.LifecycleBase.handleSubClassException Failed to initialize component [Connector[HTTP/1.1-8080]]
	org.apache.catalina.LifecycleException: Protocol handler initialization failed
		at org.apache.catalina.connector.Connector.initInternal(Connector.java:1049)
		at org.apache.catalina.util.LifecycleBase.init(LifecycleBase.java:136)
		at org.apache.catalina.core.StandardService.initInternal(StandardService.java:556)
		at org.apache.catalina.util.LifecycleBase.init(LifecycleBase.java:136)
		at org.apache.catalina.core.StandardServer.initInternal(StandardServer.java:1042)
		at org.apache.catalina.util.LifecycleBase.init(LifecycleBase.java:136)
		at org.apache.catalina.startup.Catalina.load(Catalina.java:724)
		at org.apache.catalina.startup.Catalina.load(Catalina.java:746)
		at java.base/jdk.internal.reflect.NativeMethodAccessorImpl.invoke0(Native Method)
		at java.base/jdk.internal.reflect.NativeMethodAccessorImpl.invoke(NativeMethodAccessorImpl.java:62)
		at java.base/jdk.internal.reflect.DelegatingMethodAccessorImpl.invoke(DelegatingMethodAccessorImpl.java:43)
		at java.base/java.lang.reflect.Method.invoke(Method.java:566)
		at org.apache.catalina.startup.Bootstrap.load(Bootstrap.java:305)
		at org.apache.catalina.startup.Bootstrap.main(Bootstrap.java:475)
	Caused by: java.net.BindException: Address already in use
		at java.base/sun.nio.ch.Net.bind0(Native Method)
		at java.base/sun.nio.ch.Net.bind(Net.java:459)
		at java.base/sun.nio.ch.Net.bind(Net.java:448)
		at java.base/sun.nio.ch.ServerSocketChannelImpl.bind(ServerSocketChannelImpl.java:227)
		at org.apache.tomcat.util.net.NioEndpoint.initServerSocket(NioEndpoint.java:274)
		at org.apache.tomcat.util.net.NioEndpoint.bind(NioEndpoint.java:229)
		at org.apache.tomcat.util.net.AbstractEndpoint.bindWithCleanup(AbstractEndpoint.java:1227)
		at org.apache.tomcat.util.net.AbstractEndpoint.init(AbstractEndpoint.java:1240)
		at org.apache.coyote.AbstractProtocol.init(AbstractProtocol.java:603)
		at org.apache.coyote.http11.AbstractHttp11Protocol.init(AbstractHttp11Protocol.java:80)
		at org.apache.catalina.connector.Connector.initInternal(Connector.java:1046)
		... 13 more
29-Mar-2022 13:05:35.469 INFO [main] org.apache.catalina.startup.Catalina.load Server initialization in [776] milliseconds
29-Mar-2022 13:05:35.529 INFO [main] org.apache.catalina.core.StandardService.startInternal Starting service [Catalina]
29-Mar-2022 13:05:35.529 INFO [main] org.apache.catalina.core.StandardEngine.startInternal Starting Servlet engine: [Apache Tomcat/9.0.60]
29-Mar-2022 13:05:35.537 INFO [main] org.apache.catalina.startup.HostConfig.deployDirectory Deploying web application directory [/home/ubuntu/apache-tomcat-9.0.60/webapps/docs]
29-Mar-2022 13:05:35.847 INFO [main] org.apache.catalina.startup.HostConfig.deployDirectory Deployment of web application directory [/home/ubuntu/apache-tomcat-9.0.60/webapps/docs] has finished in [309] ms
29-Mar-2022 13:05:35.847 INFO [main] org.apache.catalina.startup.HostConfig.deployDirectory Deploying web application directory [/home/ubuntu/apache-tomcat-9.0.60/webapps/host-manager]
29-Mar-2022 13:05:35.877 INFO [main] org.apache.catalina.startup.HostConfig.deployDirectory Deployment of web application directory [/home/ubuntu/apache-tomcat-9.0.60/webapps/host-manager] has finished in [30] ms
29-Mar-2022 13:05:35.878 INFO [main] org.apache.catalina.startup.HostConfig.deployDirectory Deploying web application directory [/home/ubuntu/apache-tomcat-9.0.60/webapps/ROOT]
29-Mar-2022 13:05:35.893 INFO [main] org.apache.catalina.startup.HostConfig.deployDirectory Deployment of web application directory [/home/ubuntu/apache-tomcat-9.0.60/webapps/ROOT] has finished in [16] ms
29-Mar-2022 13:05:35.894 INFO [main] org.apache.catalina.startup.HostConfig.deployDirectory Deploying web application directory [/home/ubuntu/apache-tomcat-9.0.60/webapps/examples]
29-Mar-2022 13:05:36.158 INFO [main] org.apache.catalina.startup.HostConfig.deployDirectory Deployment of web application directory [/home/ubuntu/apache-tomcat-9.0.60/webapps/examples] has finished in [264] ms
29-Mar-2022 13:05:36.159 INFO [main] org.apache.catalina.startup.HostConfig.deployDirectory Deploying web application directory [/home/ubuntu/apache-tomcat-9.0.60/webapps/manager]
29-Mar-2022 13:05:36.179 INFO [main] org.apache.catalina.startup.HostConfig.deployDirectory Deployment of web application directory [/home/ubuntu/apache-tomcat-9.0.60/webapps/manager] has finished in [21] ms
29-Mar-2022 13:05:36.183 INFO [main] org.apache.catalina.startup.Catalina.start Server startup in [713] milliseconds
29-Mar-2022 13:06:45.845 INFO [main] org.apache.catalina.startup.VersionLoggerListener.log Server version name:   Apache Tomcat/9.0.60
29-Mar-2022 13:06:45.855 INFO [main] org.apache.catalina.startup.VersionLoggerListener.log Server built:          Mar 9 2022 14:52:25 UTC
29-Mar-2022 13:06:45.855 INFO [main] org.apache.catalina.startup.VersionLoggerListener.log Server version number: 9.0.60.0
29-Mar-2022 13:06:45.855 INFO [main] org.apache.catalina.startup.VersionLoggerListener.log OS Name:               Linux
29-Mar-2022 13:06:45.855 INFO [main] org.apache.catalina.startup.VersionLoggerListener.log OS Version:            5.11.0-1022-aws
29-Mar-2022 13:06:45.855 INFO [main] org.apache.catalina.startup.VersionLoggerListener.log Architecture:          amd64
29-Mar-2022 13:06:45.856 INFO [main] org.apache.catalina.startup.VersionLoggerListener.log Java Home:             /usr/lib/jvm/java-11-openjdk-amd64
29-Mar-2022 13:06:45.856 INFO [main] org.apache.catalina.startup.VersionLoggerListener.log JVM Version:           11.0.14.1+1-Ubuntu-0ubuntu1.20.04
29-Mar-2022 13:06:45.856 INFO [main] org.apache.catalina.startup.VersionLoggerListener.log JVM Vendor:            Ubuntu
29-Mar-2022 13:06:45.856 INFO [main] org.apache.catalina.startup.VersionLoggerListener.log CATALINA_BASE:         /home/ubuntu/apache-tomcat-9.0.60
29-Mar-2022 13:06:45.856 INFO [main] org.apache.catalina.startup.VersionLoggerListener.log CATALINA_HOME:         /home/ubuntu/apache-tomcat-9.0.60
29-Mar-2022 13:06:45.872 INFO [main] org.apache.catalina.startup.VersionLoggerListener.log Command line argument: --add-opens=java.base/java.lang=ALL-UNNAMED
29-Mar-2022 13:06:45.873 INFO [main] org.apache.catalina.startup.VersionLoggerListener.log Command line argument: --add-opens=java.base/java.io=ALL-UNNAMED
29-Mar-2022 13:06:45.873 INFO [main] org.apache.catalina.startup.VersionLoggerListener.log Command line argument: --add-opens=java.base/java.util=ALL-UNNAMED
29-Mar-2022 13:06:45.873 INFO [main] org.apache.catalina.startup.VersionLoggerListener.log Command line argument: --add-opens=java.base/java.util.concurrent=ALL-UNNAMED
29-Mar-2022 13:06:45.873 INFO [main] org.apache.catalina.startup.VersionLoggerListener.log Command line argument: --add-opens=java.rmi/sun.rmi.transport=ALL-UNNAMED
29-Mar-2022 13:06:45.873 INFO [main] org.apache.catalina.startup.VersionLoggerListener.log Command line argument: -Djava.util.logging.config.file=/home/ubuntu/apache-tomcat-9.0.60/conf/logging.properties
29-Mar-2022 13:06:45.873 INFO [main] org.apache.catalina.startup.VersionLoggerListener.log Command line argument: -Djava.util.logging.manager=org.apache.juli.ClassLoaderLogManager
29-Mar-2022 13:06:45.873 INFO [main] org.apache.catalina.startup.VersionLoggerListener.log Command line argument: -Djdk.tls.ephemeralDHKeySize=2048
29-Mar-2022 13:06:45.874 INFO [main] org.apache.catalina.startup.VersionLoggerListener.log Command line argument: -Djava.protocol.handler.pkgs=org.apache.catalina.webresources
29-Mar-2022 13:06:45.874 INFO [main] org.apache.catalina.startup.VersionLoggerListener.log Command line argument: -Dorg.apache.catalina.security.SecurityListener.UMASK=0027
29-Mar-2022 13:06:45.874 INFO [main] org.apache.catalina.startup.VersionLoggerListener.log Command line argument: -Dignore.endorsed.dirs=
29-Mar-2022 13:06:45.874 INFO [main] org.apache.catalina.startup.VersionLoggerListener.log Command line argument: -Dcatalina.base=/home/ubuntu/apache-tomcat-9.0.60
29-Mar-2022 13:06:45.874 INFO [main] org.apache.catalina.startup.VersionLoggerListener.log Command line argument: -Dcatalina.home=/home/ubuntu/apache-tomcat-9.0.60
29-Mar-2022 13:06:45.874 INFO [main] org.apache.catalina.startup.VersionLoggerListener.log Command line argument: -Djava.io.tmpdir=/home/ubuntu/apache-tomcat-9.0.60/temp
29-Mar-2022 13:06:45.876 INFO [main] org.apache.catalina.core.AprLifecycleListener.lifecycleEvent The Apache Tomcat Native library which allows using OpenSSL was not found on the java.library.path: [/usr/java/packages/lib:/usr/lib/x86_64-linux-gnu/jni:/lib/x86_64-linux-gnu:/usr/lib/x86_64-linux-gnu:/usr/lib/jni:/lib:/usr/lib]
29-Mar-2022 13:06:46.312 INFO [main] org.apache.coyote.AbstractProtocol.init Initializing ProtocolHandler ["http-nio-8000"]
29-Mar-2022 13:06:46.359 INFO [main] org.apache.catalina.startup.Catalina.load Server initialization in [784] milliseconds
29-Mar-2022 13:06:46.458 INFO [main] org.apache.catalina.core.StandardService.startInternal Starting service [Catalina]
29-Mar-2022 13:06:46.459 INFO [main] org.apache.catalina.core.StandardEngine.startInternal Starting Servlet engine: [Apache Tomcat/9.0.60]
29-Mar-2022 13:06:46.473 INFO [main] org.apache.catalina.startup.HostConfig.deployDirectory Deploying web application directory [/home/ubuntu/apache-tomcat-9.0.60/webapps/docs]
29-Mar-2022 13:06:46.814 INFO [main] org.apache.catalina.startup.HostConfig.deployDirectory Deployment of web application directory [/home/ubuntu/apache-tomcat-9.0.60/webapps/docs] has finished in [340] ms
29-Mar-2022 13:06:46.814 INFO [main] org.apache.catalina.startup.HostConfig.deployDirectory Deploying web application directory [/home/ubuntu/apache-tomcat-9.0.60/webapps/host-manager]
29-Mar-2022 13:06:46.845 INFO [main] org.apache.catalina.startup.HostConfig.deployDirectory Deployment of web application directory [/home/ubuntu/apache-tomcat-9.0.60/webapps/host-manager] has finished in [31] ms
29-Mar-2022 13:06:46.845 INFO [main] org.apache.catalina.startup.HostConfig.deployDirectory Deploying web application directory [/home/ubuntu/apache-tomcat-9.0.60/webapps/ROOT]
29-Mar-2022 13:06:46.862 INFO [main] org.apache.catalina.startup.HostConfig.deployDirectory Deployment of web application directory [/home/ubuntu/apache-tomcat-9.0.60/webapps/ROOT] has finished in [16] ms
29-Mar-2022 13:06:46.862 INFO [main] org.apache.catalina.startup.HostConfig.deployDirectory Deploying web application directory [/home/ubuntu/apache-tomcat-9.0.60/webapps/examples]
29-Mar-2022 13:06:47.121 INFO [main] org.apache.catalina.startup.HostConfig.deployDirectory Deployment of web application directory [/home/ubuntu/apache-tomcat-9.0.60/webapps/examples] has finished in [259] ms
29-Mar-2022 13:06:47.121 INFO [main] org.apache.catalina.startup.HostConfig.deployDirectory Deploying web application directory [/home/ubuntu/apache-tomcat-9.0.60/webapps/manager]
29-Mar-2022 13:06:47.141 INFO [main] org.apache.catalina.startup.HostConfig.deployDirectory Deployment of web application directory [/home/ubuntu/apache-tomcat-9.0.60/webapps/manager] has finished in [20] ms
29-Mar-2022 13:06:47.144 INFO [main] org.apache.coyote.AbstractProtocol.start Starting ProtocolHandler ["http-nio-8000"]
29-Mar-2022 13:06:47.160 INFO [main] org.apache.catalina.startup.Catalina.start Server startup in [800] milliseconds
29-Mar-2022 13:06:47.163 SEVERE [main] org.apache.catalina.core.StandardServer.await Failed to create server shutdown socket on address [localhost] and port [8005] (base port [8005] and offset [0])
	java.net.BindException: Address already in use (Bind failed)
		at java.base/java.net.PlainSocketImpl.socketBind(Native Method)
		at java.base/java.net.AbstractPlainSocketImpl.bind(AbstractPlainSocketImpl.java:452)
		at java.base/java.net.ServerSocket.bind(ServerSocket.java:395)
		at java.base/java.net.ServerSocket.<init>(ServerSocket.java:257)
		at org.apache.catalina.core.StandardServer.await(StandardServer.java:577)
		at org.apache.catalina.startup.Catalina.await(Catalina.java:864)
		at org.apache.catalina.startup.Catalina.start(Catalina.java:810)
		at java.base/jdk.internal.reflect.NativeMethodAccessorImpl.invoke0(Native Method)
		at java.base/jdk.internal.reflect.NativeMethodAccessorImpl.invoke(NativeMethodAccessorImpl.java:62)
		at java.base/jdk.internal.reflect.DelegatingMethodAccessorImpl.invoke(DelegatingMethodAccessorImpl.java:43)
		at java.base/java.lang.reflect.Method.invoke(Method.java:566)
		at org.apache.catalina.startup.Bootstrap.start(Bootstrap.java:345)
		at org.apache.catalina.startup.Bootstrap.main(Bootstrap.java:476)
29-Mar-2022 13:06:47.164 INFO [main] org.apache.coyote.AbstractProtocol.pause Pausing ProtocolHandler ["http-nio-8000"]
29-Mar-2022 13:06:47.179 INFO [main] org.apache.catalina.core.StandardService.stopInternal Stopping service [Catalina]
29-Mar-2022 13:06:47.205 INFO [main] org.apache.coyote.AbstractProtocol.stop Stopping ProtocolHandler ["http-nio-8000"]
29-Mar-2022 13:06:47.227 INFO [main] org.apache.coyote.AbstractProtocol.destroy Destroying ProtocolHandler ["http-nio-8000"]
29-Mar-2022 13:07:53.457 INFO [main] org.apache.catalina.core.StandardServer.await A valid shutdown command was received via the shutdown port. Stopping the Server instance.
29-Mar-2022 13:07:53.458 INFO [main] org.apache.coyote.AbstractProtocol.pause Pausing ProtocolHandler ["http-nio-8080"]
29-Mar-2022 13:07:53.458 INFO [main] org.apache.catalina.core.StandardService.stopInternal Stopping service [Catalina]
29-Mar-2022 13:07:53.500 INFO [main] org.apache.coyote.AbstractProtocol.stop Stopping ProtocolHandler ["http-nio-8080"]
29-Mar-2022 13:07:53.506 INFO [main] org.apache.coyote.AbstractProtocol.destroy Destroying ProtocolHandler ["http-nio-8080"]
29-Mar-2022 13:07:59.264 INFO [main] org.apache.catalina.startup.VersionLoggerListener.log Server version name:   Apache Tomcat/9.0.60
29-Mar-2022 13:07:59.281 INFO [main] org.apache.catalina.startup.VersionLoggerListener.log Server built:          Mar 9 2022 14:52:25 UTC
29-Mar-2022 13:07:59.281 INFO [main] org.apache.catalina.startup.VersionLoggerListener.log Server version number: 9.0.60.0
29-Mar-2022 13:07:59.281 INFO [main] org.apache.catalina.startup.VersionLoggerListener.log OS Name:               Linux
29-Mar-2022 13:07:59.282 INFO [main] org.apache.catalina.startup.VersionLoggerListener.log OS Version:            5.11.0-1022-aws
29-Mar-2022 13:07:59.282 INFO [main] org.apache.catalina.startup.VersionLoggerListener.log Architecture:          amd64
29-Mar-2022 13:07:59.282 INFO [main] org.apache.catalina.startup.VersionLoggerListener.log Java Home:             /usr/lib/jvm/java-11-openjdk-amd64
29-Mar-2022 13:07:59.282 INFO [main] org.apache.catalina.startup.VersionLoggerListener.log JVM Version:           11.0.14.1+1-Ubuntu-0ubuntu1.20.04
29-Mar-2022 13:07:59.282 INFO [main] org.apache.catalina.startup.VersionLoggerListener.log JVM Vendor:            Ubuntu
29-Mar-2022 13:07:59.282 INFO [main] org.apache.catalina.startup.VersionLoggerListener.log CATALINA_BASE:         /home/ubuntu/apache-tomcat-9.0.60
29-Mar-2022 13:07:59.282 INFO [main] org.apache.catalina.startup.VersionLoggerListener.log CATALINA_HOME:         /home/ubuntu/apache-tomcat-9.0.60
29-Mar-2022 13:07:59.294 INFO [main] org.apache.catalina.startup.VersionLoggerListener.log Command line argument: --add-opens=java.base/java.lang=ALL-UNNAMED
29-Mar-2022 13:07:59.294 INFO [main] org.apache.catalina.startup.VersionLoggerListener.log Command line argument: --add-opens=java.base/java.io=ALL-UNNAMED
29-Mar-2022 13:07:59.297 INFO [main] org.apache.catalina.startup.VersionLoggerListener.log Command line argument: --add-opens=java.base/java.util=ALL-UNNAMED
29-Mar-2022 13:07:59.297 INFO [main] org.apache.catalina.startup.VersionLoggerListener.log Command line argument: --add-opens=java.base/java.util.concurrent=ALL-UNNAMED
29-Mar-2022 13:07:59.297 INFO [main] org.apache.catalina.startup.VersionLoggerListener.log Command line argument: --add-opens=java.rmi/sun.rmi.transport=ALL-UNNAMED
29-Mar-2022 13:07:59.297 INFO [main] org.apache.catalina.startup.VersionLoggerListener.log Command line argument: -Djava.util.logging.config.file=/home/ubuntu/apache-tomcat-9.0.60/conf/logging.properties
29-Mar-2022 13:07:59.297 INFO [main] org.apache.catalina.startup.VersionLoggerListener.log Command line argument: -Djava.util.logging.manager=org.apache.juli.ClassLoaderLogManager
29-Mar-2022 13:07:59.297 INFO [main] org.apache.catalina.startup.VersionLoggerListener.log Command line argument: -Djdk.tls.ephemeralDHKeySize=2048
29-Mar-2022 13:07:59.298 INFO [main] org.apache.catalina.startup.VersionLoggerListener.log Command line argument: -Djava.protocol.handler.pkgs=org.apache.catalina.webresources
29-Mar-2022 13:07:59.298 INFO [main] org.apache.catalina.startup.VersionLoggerListener.log Command line argument: -Dorg.apache.catalina.security.SecurityListener.UMASK=0027
29-Mar-2022 13:07:59.298 INFO [main] org.apache.catalina.startup.VersionLoggerListener.log Command line argument: -Dignore.endorsed.dirs=
29-Mar-2022 13:07:59.298 INFO [main] org.apache.catalina.startup.VersionLoggerListener.log Command line argument: -Dcatalina.base=/home/ubuntu/apache-tomcat-9.0.60
29-Mar-2022 13:07:59.298 INFO [main] org.apache.catalina.startup.VersionLoggerListener.log Command line argument: -Dcatalina.home=/home/ubuntu/apache-tomcat-9.0.60
29-Mar-2022 13:07:59.298 INFO [main] org.apache.catalina.startup.VersionLoggerListener.log Command line argument: -Djava.io.tmpdir=/home/ubuntu/apache-tomcat-9.0.60/temp
29-Mar-2022 13:07:59.299 INFO [main] org.apache.catalina.core.AprLifecycleListener.lifecycleEvent The Apache Tomcat Native library which allows using OpenSSL was not found on the java.library.path: [/usr/java/packages/lib:/usr/lib/x86_64-linux-gnu/jni:/lib/x86_64-linux-gnu:/usr/lib/x86_64-linux-gnu:/usr/lib/jni:/lib:/usr/lib]
29-Mar-2022 13:07:59.734 INFO [main] org.apache.coyote.AbstractProtocol.init Initializing ProtocolHandler ["http-nio-8000"]
29-Mar-2022 13:07:59.772 INFO [main] org.apache.catalina.startup.Catalina.load Server initialization in [760] milliseconds
29-Mar-2022 13:07:59.854 INFO [main] org.apache.catalina.core.StandardService.startInternal Starting service [Catalina]
29-Mar-2022 13:07:59.854 INFO [main] org.apache.catalina.core.StandardEngine.startInternal Starting Servlet engine: [Apache Tomcat/9.0.60]
29-Mar-2022 13:07:59.861 INFO [main] org.apache.catalina.startup.HostConfig.deployDirectory Deploying web application directory [/home/ubuntu/apache-tomcat-9.0.60/webapps/docs]
29-Mar-2022 13:08:00.175 INFO [main] org.apache.catalina.startup.HostConfig.deployDirectory Deployment of web application directory [/home/ubuntu/apache-tomcat-9.0.60/webapps/docs] has finished in [314] ms
29-Mar-2022 13:08:00.176 INFO [main] org.apache.catalina.startup.HostConfig.deployDirectory Deploying web application directory [/home/ubuntu/apache-tomcat-9.0.60/webapps/host-manager]
29-Mar-2022 13:08:00.231 INFO [main] org.apache.catalina.startup.HostConfig.deployDirectory Deployment of web application directory [/home/ubuntu/apache-tomcat-9.0.60/webapps/host-manager] has finished in [55] ms
29-Mar-2022 13:08:00.232 INFO [main] org.apache.catalina.startup.HostConfig.deployDirectory Deploying web application directory [/home/ubuntu/apache-tomcat-9.0.60/webapps/ROOT]
29-Mar-2022 13:08:00.273 INFO [main] org.apache.catalina.startup.HostConfig.deployDirectory Deployment of web application directory [/home/ubuntu/apache-tomcat-9.0.60/webapps/ROOT] has finished in [41] ms
29-Mar-2022 13:08:00.273 INFO [main] org.apache.catalina.startup.HostConfig.deployDirectory Deploying web application directory [/home/ubuntu/apache-tomcat-9.0.60/webapps/examples]
29-Mar-2022 13:08:00.597 INFO [main] org.apache.catalina.startup.HostConfig.deployDirectory Deployment of web application directory [/home/ubuntu/apache-tomcat-9.0.60/webapps/examples] has finished in [324] ms
29-Mar-2022 13:08:00.597 INFO [main] org.apache.catalina.startup.HostConfig.deployDirectory Deploying web application directory [/home/ubuntu/apache-tomcat-9.0.60/webapps/manager]
29-Mar-2022 13:08:00.622 INFO [main] org.apache.catalina.startup.HostConfig.deployDirectory Deployment of web application directory [/home/ubuntu/apache-tomcat-9.0.60/webapps/manager] has finished in [25] ms
29-Mar-2022 13:08:00.625 INFO [main] org.apache.coyote.AbstractProtocol.start Starting ProtocolHandler ["http-nio-8000"]
29-Mar-2022 13:08:00.648 INFO [main] org.apache.catalina.startup.Catalina.start Server startup in [875] milliseconds
29-Mar-2022 13:20:10.752 INFO [Catalina-utility-2] org.apache.catalina.startup.HostConfig.deployWAR Deploying web application archive [/home/ubuntu/apache-tomcat-9.0.60/webapps/jpetstore.war]
29-Mar-2022 13:20:11.327 INFO [Catalina-utility-2] org.apache.jasper.servlet.TldScanner.scanJars At least one JAR was scanned for TLDs yet contained no TLDs. Enable debug logging for this logger for a complete list of JARs that were scanned but no TLDs were found in them. Skipping unneeded JARs during scanning can improve startup time and JSP compilation time.
29-Mar-2022 13:20:12.661 INFO [Catalina-utility-2] org.apache.catalina.startup.HostConfig.deployWAR Deployment of web application archive [/home/ubuntu/apache-tomcat-9.0.60/webapps/jpetstore.war] has finished in [1,909] ms
29-Mar-2022 13:25:36.035 INFO [Thread-2] org.apache.coyote.AbstractProtocol.pause Pausing ProtocolHandler ["http-nio-8000"]
29-Mar-2022 13:25:36.048 INFO [Thread-2] org.apache.catalina.core.StandardService.stopInternal Stopping service [Catalina]
29-Mar-2022 13:25:36.165 WARNING [Thread-2] org.apache.catalina.loader.WebappClassLoaderBase.clearReferencesJdbc The web application [jpetstore] registered the JDBC driver [org.hsqldb.jdbcDriver] but failed to unregister it when the web application was stopped. To prevent a memory leak, the JDBC Driver has been forcibly unregistered.
29-Mar-2022 13:25:36.166 SEVERE [Thread-2] org.apache.catalina.loader.WebappClassLoaderBase.checkThreadLocalMapForLeaks The web application [jpetstore] created a ThreadLocal with key of type [java.lang.ThreadLocal] (value [java.lang.ThreadLocal@272720a5]) and a value of type [org.apache.ibatis.executor.ErrorContext] (value [
### The error may exist in org/mybatis/jpetstore/persistence/AccountMapper.xml]) but failed to remove it when the web application was stopped. Threads are going to be renewed over time to try and avoid a probable memory leak.
29-Mar-2022 13:25:36.220 INFO [Thread-2] org.apache.coyote.AbstractProtocol.stop Stopping ProtocolHandler ["http-nio-8000"]
29-Mar-2022 13:25:36.234 INFO [Thread-2] org.apache.coyote.AbstractProtocol.destroy Destroying ProtocolHandler ["http-nio-8000"]
